<?xml version="1.0" encoding="UTF-8"?>
<testsuite name="com.demowebshop.tests.HomePageTests" tests="1" skipped="0" failures="0" errors="0" timestamp="2025-07-08T16:08:49" hostname="WINDOWS-5CUU06H" time="0.023">
  <properties/>
  <testcase name="isHomePageElementPresent" classname="com.demowebshop.tests.HomePageTests" time="0.023"/>
  <system-out><![CDATA[18:08:49.150 [Test worker] INFO  com.demowebshop.tests.TestBase -- Start test isHomePageElementPresent[]
18:08:49.213 [Test worker] INFO  com.demowebshop.tests.TestBase -- PASSED: isHomePageElementPresent
18:08:49.213 [Test worker] INFO  com.demowebshop.tests.TestBase -- Stop test
18:08:49.215 [Test worker] INFO  com.demowebshop.tests.TestBase -- ===========================================
]]></system-out>
  <system-err><![CDATA[]]></system-err>
</testsuite>
